[0820/024131.530:ERROR:process_memory_win.cc(73)] ReadMemory at 0x7ff76ae40000 of 64 bytes failed: Only part of a ReadProcessMemory or WriteProcessMemory request was completed. (0x12B)
[0820/024131.531:WARNING:pe_image_reader.cc(340)] could not read dos header from C:\Program Files (x86)\Google\Chrome\Application\chrome.exe
[0820/024131.531:ERROR:process_memory_win.cc(73)] ReadMemory at 0x7ffbbe7d0000 of 64 bytes failed: Only part of a ReadProcessMemory or WriteProcessMemory request was completed. (0x12B)
[0820/024131.531:WARNING:pe_image_reader.cc(340)] could not read dos header from C:\WINDOWS\SYSTEM32\ntdll.dll
[0820/024131.531:ERROR:process_memory_win.cc(73)] ReadMemory at 0x7ffbbc840000 of 64 bytes failed: Only part of a ReadProcessMemory or WriteProcessMemory request was completed. (0x12B)
[0820/024131.531:WARNING:pe_image_reader.cc(340)] could not read dos header from C:\WINDOWS\System32\KERNEL32.DLL
[0820/024131.531:ERROR:process_memory_win.cc(73)] ReadMemory at 0x7ffbbc180000 of 64 bytes failed: Only part of a ReadProcessMemory or WriteProcessMemory request was completed. (0x12B)
[0820/024131.531:WARNING:pe_image_reader.cc(340)] could not read dos header from C:\WINDOWS\System32\KERNELBASE.dll
[0820/024131.531:ERROR:process_memory_win.cc(73)] ReadMemory at 0x7ffbad660000 of 64 bytes failed: Only part of a ReadProcessMemory or WriteProcessMemory request was completed. (0x12B)
[0820/024131.531:WARNING:pe_image_reader.cc(340)] could not read dos header from C:\Program Files (x86)\Google\Chrome\Application\84.0.4147.125\chrome_elf.dll
[0820/024131.531:ERROR:process_memory_win.cc(73)] ReadMemory at 0x7ffbb6ee0000 of 64 bytes failed: Only part of a ReadProcessMemory or WriteProcessMemory request was completed. (0x12B)
[0820/024131.531:WARNING:pe_image_reader.cc(340)] could not read dos header from C:\WINDOWS\SYSTEM32\VERSION.dll
[0820/024131.531:ERROR:process_memory_win.cc(73)] ReadMemory at 0x7ffbbd100000 of 64 bytes failed: Only part of a ReadProcessMemory or WriteProcessMemory request was completed. (0x12B)
[0820/024131.531:WARNING:pe_image_reader.cc(340)] could not read dos header from C:\WINDOWS\System32\msvcrt.dll
[0820/024131.531:ERROR:process_memory_win.cc(73)] ReadMemory at 0x7ffbbd620000 of 64 bytes failed: Only part of a ReadProcessMemory or WriteProcessMemory request was completed. (0x12B)
[0820/024131.531:WARNING:pe_image_reader.cc(340)] could not read dos header from C:\WINDOWS\System32\ADVAPI32.dll
[0820/024131.531:ERROR:process_memory_win.cc(73)] ReadMemory at 0x7ffbbced0000 of 64 bytes failed: Only part of a ReadProcessMemory or WriteProcessMemory request was completed. (0x12B)
[0820/024131.531:WARNING:pe_image_reader.cc(340)] could not read dos header from C:\WINDOWS\System32\sechost.dll
[0820/024131.531:ERROR:process_memory_win.cc(73)] ReadMemory at 0x7ffbbdea0000 of 64 bytes failed: Only part of a ReadProcessMemory or WriteProcessMemory request was completed. (0x12B)
[0820/024131.531:WARNING:pe_image_reader.cc(340)] could not read dos header from C:\WINDOWS\System32\RPCRT4.dll
[0820/024131.531:ERROR:process_memory_win.cc(73)] ReadMemory at 0x7ffb47d60000 of 64 bytes failed: Only part of a ReadProcessMemory or WriteProcessMemory request was completed. (0x12B)
[0820/024131.531:WARNING:pe_image_reader.cc(340)] could not read dos header from C:\Program Files (x86)\Google\Chrome\Application\84.0.4147.125\chrome.dll
[0820/024131.532:ERROR:process_memory_win.cc(73)] ReadMemory at 0x7ffbbe330000 of 64 bytes failed: Only part of a ReadProcessMemory or WriteProcessMemory request was completed. (0x12B)
[0820/024131.532:WARNING:pe_image_reader.cc(340)] could not read dos header from C:\WINDOWS\System32\WS2_32.dll
[0820/024131.532:ERROR:process_memory_win.cc(73)] ReadMemory at 0x7ffbbcf70000 of 64 bytes failed: Only part of a ReadProcessMemory or WriteProcessMemory request was completed. (0x12B)
[0820/024131.532:WARNING:pe_image_reader.cc(340)] could not read dos header from C:\WINDOWS\System32\OLEAUT32.dll
[0820/024131.532:ERROR:process_memory_win.cc(73)] ReadMemory at 0x7ffbbc7a0000 of 64 bytes failed: Only part of a ReadProcessMemory or WriteProcessMemory request was completed. (0x12B)
[0820/024131.532:WARNING:pe_image_reader.cc(340)] could not read dos header from C:\WINDOWS\System32\msvcp_win.dll
[0820/024131.532:ERROR:process_memory_win.cc(73)] ReadMemory at 0x7ffbbc670000 of 64 bytes failed: Only part of a ReadProcessMemory or WriteProcessMemory request was completed. (0x12B)
[0820/024131.532:WARNING:pe_image_reader.cc(340)] could not read dos header from C:\WINDOWS\System32\ucrtbase.dll
[0820/024131.532:ERROR:process_memory_win.cc(73)] ReadMemory at 0x7ffbbdfd0000 of 64 bytes failed: Only part of a ReadProcessMemory or WriteProcessMemory request was completed. (0x12B)
[0820/024131.532:WARNING:pe_image_reader.cc(340)] could not read dos header from C:\WINDOWS\System32\combase.dll
[0820/024131.532:ERROR:process_memory_win.cc(73)] ReadMemory at 0x7ffbbc610000 of 64 bytes failed: Only part of a ReadProcessMemory or WriteProcessMemory request was completed. (0x12B)
[0820/024131.532:WARNING:pe_image_reader.cc(340)] could not read dos header from C:\WINDOWS\System32\WINTRUST.dll
[0820/024131.532:ERROR:process_memory_win.cc(73)] ReadMemory at 0x7ffbbbfd0000 of 64 bytes failed: Only part of a ReadProcessMemory or WriteProcessMemory request was completed. (0x12B)
[0820/024131.532:WARNING:pe_image_reader.cc(340)] could not read dos header from C:\WINDOWS\System32\CRYPT32.dll
[0820/024131.532:ERROR:process_memory_win.cc(73)] ReadMemory at 0x7ffbbb3c0000 of 64 bytes failed: Only part of a ReadProcessMemory or WriteProcessMemory request was completed. (0x12B)
[0820/024131.532:WARNING:pe_image_reader.cc(340)] could not read dos header from C:\WINDOWS\SYSTEM32\IPHLPAPI.DLL
[0820/024131.532:ERROR:process_memory_win.cc(73)] ReadMemory at 0x7ffbab4c0000 of 64 bytes failed: Only part of a ReadProcessMemory or WriteProcessMemory request was completed. (0x12B)
[0820/024131.532:WARNING:pe_image_reader.cc(340)] could not read dos header from C:\WINDOWS\SYSTEM32\WINMM.dll
[0820/024131.532:ERROR:process_memory_win.cc(73)] ReadMemory at 0x7ffbb0520000 of 64 bytes failed: Only part of a ReadProcessMemory or WriteProcessMemory request was completed. (0x12B)
[0820/024131.532:WARNING:pe_image_reader.cc(340)] could not read dos header from C:\WINDOWS\SYSTEM32\Secur32.dll
[0820/024131.532:ERROR:process_memory_win.cc(73)] ReadMemory at 0x7ffbbbde0000 of 64 bytes failed: Only part of a ReadProcessMemory or WriteProcessMemory request was completed. (0x12B)
[0820/024131.532:WARNING:pe_image_reader.cc(340)] could not read dos header from C:\WINDOWS\SYSTEM32\USERENV.dll
[0820/024131.532:ERROR:process_memory_win.cc(73)] ReadMemory at 0x7ffb899f0000 of 64 bytes failed: Only part of a ReadProcessMemory or WriteProcessMemory request was completed. (0x12B)
[0820/024131.532:WARNING:pe_image_reader.cc(340)] could not read dos header from C:\WINDOWS\SYSTEM32\UIAutomationCore.DLL
[0820/024131.532:ERROR:process_memory_win.cc(73)] ReadMemory at 0x7ffba6100000 of 64 bytes failed: Only part of a ReadProcessMemory or WriteProcessMemory request was completed. (0x12B)
[0820/024131.532:WARNING:pe_image_reader.cc(340)] could not read dos header from C:\WINDOWS\SYSTEM32\DWrite.dll
[0820/024131.532:ERROR:process_memory_win.cc(73)] ReadMemory at 0x7ffba93c0000 of 64 bytes failed: Only part of a ReadProcessMemory or WriteProcessMemory request was completed. (0x12B)
[0820/024131.532:WARNING:pe_image_reader.cc(340)] could not read dos header from C:\WINDOWS\SYSTEM32\WINSPOOL.DRV
[0820/024131.532:ERROR:process_memory_win.cc(73)] ReadMemory at 0x7ffbb6740000 of 64 bytes failed: Only part of a ReadProcessMemory or WriteProcessMemory request was completed. (0x12B)
[0820/024131.532:WARNING:pe_image_reader.cc(340)] could not read dos header from C:\WINDOWS\SYSTEM32\dbghelp.dll
[0820/024131.532:ERROR:process_memory_win.cc(73)] ReadMemory at 0x7ffbb6240000 of 64 bytes failed: Only part of a ReadProcessMemory or WriteProcessMemory request was completed. (0x12B)
[0820/024131.532:WARNING:pe_image_reader.cc(340)] could not read dos header from C:\WINDOWS\SYSTEM32\WINHTTP.dll
[0820/024131.532:ERROR:process_memory_win.cc(73)] ReadMemory at 0x7ffbb7210000 of 64 bytes failed: Only part of a ReadProcessMemory or WriteProcessMemory request was completed. (0x12B)
[0820/024131.532:WARNING:pe_image_reader.cc(340)] could not read dos header from C:\WINDOWS\SYSTEM32\dhcpcsvc.DLL
[0820/024131.532:ERROR:process_memory_win.cc(73)] ReadMemory at 0x7ffbb4e50000 of 64 bytes failed: Only part of a ReadProcessMemory or WriteProcessMemory request was completed. (0x12B)
[0820/024131.532:WARNING:pe_image_reader.cc(340)] could not read dos header from C:\WINDOWS\SYSTEM32\PROPSYS.dll
[0820/024131.532:ERROR:process_memory_win.cc(73)] ReadMemory at 0x7ffbbbe10000 of 64 bytes failed: Only part of a ReadProcessMemory or WriteProcessMemory request was completed. (0x12B)
[0820/024131.532:WARNING:pe_image_reader.cc(340)] could not read dos header from C:\WINDOWS\SYSTEM32\SSPICLI.DLL
[0820/024131.533:ERROR:process_memory_win.cc(73)] ReadMemory at 0x7ffbbbb20000 of 64 bytes failed: Only part of a ReadProcessMemory or WriteProcessMemory request was completed. (0x12B)
[0820/024131.533:WARNING:pe_image_reader.cc(340)] could not read dos header from C:\WINDOWS\System32\MSASN1.dll
[0820/024131.533:ERROR:process_memory_win.cc(73)] ReadMemory at 0x7ffbbc560000 of 64 bytes failed: Only part of a ReadProcessMemory or WriteProcessMemory request was completed. (0x12B)
[0820/024131.533:WARNING:pe_image_reader.cc(340)] could not read dos header from C:\WINDOWS\System32\bcryptPrimitives.dll
[0820/024131.533:ERROR:process_memory_win.cc(73)] ReadMemory at 0x7ffbbd6d0000 of 64 bytes failed: Only part of a ReadProcessMemory or WriteProcessMemory request was completed. (0x12B)
[0820/024131.533:WARNING:pe_image_reader.cc(340)] could not read dos header from C:\WINDOWS\System32\SHELL32.dll
[0820/024131.533:ERROR:process_memory_win.cc(73)] ReadMemory at 0x7ffbbe4e0000 of 64 bytes failed: Only part of a ReadProcessMemory or WriteProcessMemory request was completed. (0x12B)
[0820/024131.533:WARNING:pe_image_reader.cc(340)] could not read dos header from C:\WINDOWS\System32\USER32.dll
[0820/024131.533:ERROR:process_memory_win.cc(73)] ReadMemory at 0x7ffbbc5e0000 of 64 bytes failed: Only part of a ReadProcessMemory or WriteProcessMemory request was completed. (0x12B)
[0820/024131.533:WARNING:pe_image_reader.cc(340)] could not read dos header from C:\WINDOWS\System32\win32u.dll
[0820/024131.533:ERROR:process_memory_win.cc(73)] ReadMemory at 0x7ffbbde10000 of 64 bytes failed: Only part of a ReadProcessMemory or WriteProcessMemory request was completed. (0x12B)
[0820/024131.533:WARNING:pe_image_reader.cc(340)] could not read dos header from C:\WINDOWS\System32\GDI32.dll
[0820/024131.533:ERROR:process_memory_win.cc(73)] ReadMemory at 0x7ffbbc450000 of 64 bytes failed: Only part of a ReadProcessMemory or WriteProcessMemory request was completed. (0x12B)
[0820/024131.533:WARNING:pe_image_reader.cc(340)] could not read dos header from C:\WINDOWS\System32\gdi32full.dll
[0820/024131.533:ERROR:process_memory_win.cc(73)] ReadMemory at 0x1ccf0290000 of 64 bytes failed: Only part of a ReadProcessMemory or WriteProcessMemory request was completed. (0x12B)
[0820/024131.533:WARNING:pe_image_reader.cc(340)] could not read dos header from C:\WINDOWS\System32\IMM32.DLL
[0820/024131.533:ERROR:process_memory_win.cc(73)] ReadMemory at 0x7ffbba0c0000 of 64 bytes failed: Only part of a ReadProcessMemory or WriteProcessMemory request was completed. (0x12B)
[0820/024131.533:WARNING:pe_image_reader.cc(340)] could not read dos header from C:\WINDOWS\SYSTEM32\windows.storage.dll
[0820/024131.533:ERROR:process_memory_win.cc(73)] ReadMemory at 0x7ffbbb9a0000 of 64 bytes failed: Only part of a ReadProcessMemory or WriteProcessMemory request was completed. (0x12B)
[0820/024131.533:WARNING:pe_image_reader.cc(340)] could not read dos header from C:\WINDOWS\SYSTEM32\Wldp.dll
[0820/024131.533:ERROR:process_memory_win.cc(73)] ReadMemory at 0x7ffbbd040000 of 64 bytes failed: Only part of a ReadProcessMemory or WriteProcessMemory request was completed. (0x12B)
[0820/024131.533:WARNING:pe_image_reader.cc(340)] could not read dos header from C:\WINDOWS\System32\SHCORE.dll
[0820/024131.533:ERROR:process_memory_win.cc(73)] ReadMemory at 0x7ffbbe3a0000 of 64 bytes failed: Only part of a ReadProcessMemory or WriteProcessMemory request was completed. (0x12B)
[0820/024131.533:WARNING:pe_image_reader.cc(340)] could not read dos header from C:\WINDOWS\System32\shlwapi.dll
[0820/024131.533:ERROR:process_memory_win.cc(73)] ReadMemory at 0x7ffbbbe60000 of 64 bytes failed: Only part of a ReadProcessMemory or WriteProcessMemory request was completed. (0x12B)
[0820/024131.533:WARNING:pe_image_reader.cc(340)] could not read dos header from C:\WINDOWS\SYSTEM32\profapi.dll
[0820/024131.533:ERROR:process_memory_win.cc(73)] ReadMemory at 0x7ffbbb910000 of 64 bytes failed: Only part of a ReadProcessMemory or WriteProcessMemory request was completed. (0x12B)
[0820/024131.533:WARNING:pe_image_reader.cc(340)] could not read dos header from C:\WINDOWS\SYSTEM32\CRYPTBASE.DLL
[0820/024131.538:ERROR:process_memory_win.cc(73)] ReadMemory at 0x7ff76ae40000 of 64 bytes failed: Only part of a ReadProcessMemory or WriteProcessMemory request was completed. (0x12B)
[0820/024131.538:WARNING:pe_image_reader.cc(340)] could not read dos header from C:\Program Files (x86)\Google\Chrome\Application\chrome.exe
[0820/024131.538:ERROR:process_memory_win.cc(73)] ReadMemory at 0x7ffbbe7d0000 of 64 bytes failed: Only part of a ReadProcessMemory or WriteProcessMemory request was completed. (0x12B)
[0820/024131.538:WARNING:pe_image_reader.cc(340)] could not read dos header from C:\WINDOWS\SYSTEM32\ntdll.dll
[0820/024131.538:ERROR:process_memory_win.cc(73)] ReadMemory at 0x7ffbbc840000 of 64 bytes failed: Only part of a ReadProcessMemory or WriteProcessMemory request was completed. (0x12B)
[0820/024131.538:WARNING:pe_image_reader.cc(340)] could not read dos header from C:\WINDOWS\System32\KERNEL32.DLL
[0820/024131.538:ERROR:process_memory_win.cc(73)] ReadMemory at 0x7ffbbc180000 of 64 bytes failed: Only part of a ReadProcessMemory or WriteProcessMemory request was completed. (0x12B)
[0820/024131.538:WARNING:pe_image_reader.cc(340)] could not read dos header from C:\WINDOWS\System32\KERNELBASE.dll
[0820/024131.538:ERROR:process_memory_win.cc(73)] ReadMemory at 0x7ffbad660000 of 64 bytes failed: Only part of a ReadProcessMemory or WriteProcessMemory request was completed. (0x12B)
[0820/024131.538:WARNING:pe_image_reader.cc(340)] could not read dos header from C:\Program Files (x86)\Google\Chrome\Application\84.0.4147.125\chrome_elf.dll
[0820/024131.538:ERROR:process_memory_win.cc(73)] ReadMemory at 0x7ffbb6ee0000 of 64 bytes failed: Only part of a ReadProcessMemory or WriteProcessMemory request was completed. (0x12B)
[0820/024131.538:WARNING:pe_image_reader.cc(340)] could not read dos header from C:\WINDOWS\SYSTEM32\VERSION.dll
[0820/024131.538:ERROR:process_memory_win.cc(73)] ReadMemory at 0x7ffbbd100000 of 64 bytes failed: Only part of a ReadProcessMemory or WriteProcessMemory request was completed. (0x12B)
[0820/024131.538:WARNING:pe_image_reader.cc(340)] could not read dos header from C:\WINDOWS\System32\msvcrt.dll
[0820/024131.538:ERROR:process_memory_win.cc(73)] ReadMemory at 0x7ffbbd620000 of 64 bytes failed: Only part of a ReadProcessMemory or WriteProcessMemory request was completed. (0x12B)
[0820/024131.538:WARNING:pe_image_reader.cc(340)] could not read dos header from C:\WINDOWS\System32\ADVAPI32.dll
[0820/024131.538:ERROR:process_memory_win.cc(73)] ReadMemory at 0x7ffbbced0000 of 64 bytes failed: Only part of a ReadProcessMemory or WriteProcessMemory request was completed. (0x12B)
[0820/024131.538:WARNING:pe_image_reader.cc(340)] could not read dos header from C:\WINDOWS\System32\sechost.dll
[0820/024131.538:ERROR:process_memory_win.cc(73)] ReadMemory at 0x7ffbbdea0000 of 64 bytes failed: Only part of a ReadProcessMemory or WriteProcessMemory request was completed. (0x12B)
[0820/024131.538:WARNING:pe_image_reader.cc(340)] could not read dos header from C:\WINDOWS\System32\RPCRT4.dll
[0820/024131.538:ERROR:process_memory_win.cc(73)] ReadMemory at 0x7ffb47d60000 of 64 bytes failed: Only part of a ReadProcessMemory or WriteProcessMemory request was completed. (0x12B)
[0820/024131.538:WARNING:pe_image_reader.cc(340)] could not read dos header from C:\Program Files (x86)\Google\Chrome\Application\84.0.4147.125\chrome.dll
[0820/024131.538:ERROR:process_memory_win.cc(73)] ReadMemory at 0x7ffbbe330000 of 64 bytes failed: Only part of a ReadProcessMemory or WriteProcessMemory request was completed. (0x12B)
[0820/024131.538:WARNING:pe_image_reader.cc(340)] could not read dos header from C:\WINDOWS\System32\WS2_32.dll
[0820/024131.538:ERROR:process_memory_win.cc(73)] ReadMemory at 0x7ffbbcf70000 of 64 bytes failed: Only part of a ReadProcessMemory or WriteProcessMemory request was completed. (0x12B)
[0820/024131.538:WARNING:pe_image_reader.cc(340)] could not read dos header from C:\WINDOWS\System32\OLEAUT32.dll
[0820/024131.538:ERROR:process_memory_win.cc(73)] ReadMemory at 0x7ffbbc7a0000 of 64 bytes failed: Only part of a ReadProcessMemory or WriteProcessMemory request was completed. (0x12B)
[0820/024131.538:WARNING:pe_image_reader.cc(340)] could not read dos header from C:\WINDOWS\System32\msvcp_win.dll
[0820/024131.538:ERROR:process_memory_win.cc(73)] ReadMemory at 0x7ffbbc670000 of 64 bytes failed: Only part of a ReadProcessMemory or WriteProcessMemory request was completed. (0x12B)
[0820/024131.538:WARNING:pe_image_reader.cc(340)] could not read dos header from C:\WINDOWS\System32\ucrtbase.dll
[0820/024131.538:ERROR:process_memory_win.cc(73)] ReadMemory at 0x7ffbbdfd0000 of 64 bytes failed: Only part of a ReadProcessMemory or WriteProcessMemory request was completed. (0x12B)
[0820/024131.538:WARNING:pe_image_reader.cc(340)] could not read dos header from C:\WINDOWS\System32\combase.dll
[0820/024131.538:ERROR:process_memory_win.cc(73)] ReadMemory at 0x7ffbbc610000 of 64 bytes failed: Only part of a ReadProcessMemory or WriteProcessMemory request was completed. (0x12B)
[0820/024131.538:WARNING:pe_image_reader.cc(340)] could not read dos header from C:\WINDOWS\System32\WINTRUST.dll
[0820/024131.538:ERROR:process_memory_win.cc(73)] ReadMemory at 0x7ffbbbfd0000 of 64 bytes failed: Only part of a ReadProcessMemory or WriteProcessMemory request was completed. (0x12B)
[0820/024131.538:WARNING:pe_image_reader.cc(340)] could not read dos header from C:\WINDOWS\System32\CRYPT32.dll
[0820/024131.539:ERROR:process_memory_win.cc(73)] ReadMemory at 0x7ffbbb3c0000 of 64 bytes failed: Only part of a ReadProcessMemory or WriteProcessMemory request was completed. (0x12B)
[0820/024131.539:WARNING:pe_image_reader.cc(340)] could not read dos header from C:\WINDOWS\SYSTEM32\IPHLPAPI.DLL
[0820/024131.539:ERROR:process_memory_win.cc(73)] ReadMemory at 0x7ffbab4c0000 of 64 bytes failed: Only part of a ReadProcessMemory or WriteProcessMemory request was completed. (0x12B)
[0820/024131.539:WARNING:pe_image_reader.cc(340)] could not read dos header from C:\WINDOWS\SYSTEM32\WINMM.dll
[0820/024131.539:ERROR:process_memory_win.cc(73)] ReadMemory at 0x7ffbb0520000 of 64 bytes failed: Only part of a ReadProcessMemory or WriteProcessMemory request was completed. (0x12B)
[0820/024131.539:WARNING:pe_image_reader.cc(340)] could not read dos header from C:\WINDOWS\SYSTEM32\Secur32.dll
[0820/024131.539:ERROR:process_memory_win.cc(73)] ReadMemory at 0x7ffbbbde0000 of 64 bytes failed: Only part of a ReadProcessMemory or WriteProcessMemory request was completed. (0x12B)
[0820/024131.539:WARNING:pe_image_reader.cc(340)] could not read dos header from C:\WINDOWS\SYSTEM32\USERENV.dll
[0820/024131.539:ERROR:process_memory_win.cc(73)] ReadMemory at 0x7ffb899f0000 of 64 bytes failed: Only part of a ReadProcessMemory or WriteProcessMemory request was completed. (0x12B)
[0820/024131.539:WARNING:pe_image_reader.cc(340)] could not read dos header from C:\WINDOWS\SYSTEM32\UIAutomationCore.DLL
[0820/024131.539:ERROR:process_memory_win.cc(73)] ReadMemory at 0x7ffba6100000 of 64 bytes failed: Only part of a ReadProcessMemory or WriteProcessMemory request was completed. (0x12B)
[0820/024131.539:WARNING:pe_image_reader.cc(340)] could not read dos header from C:\WINDOWS\SYSTEM32\DWrite.dll
[0820/024131.539:ERROR:process_memory_win.cc(73)] ReadMemory at 0x7ffba93c0000 of 64 bytes failed: Only part of a ReadProcessMemory or WriteProcessMemory request was completed. (0x12B)
[0820/024131.539:WARNING:pe_image_reader.cc(340)] could not read dos header from C:\WINDOWS\SYSTEM32\WINSPOOL.DRV
[0820/024131.539:ERROR:process_memory_win.cc(73)] ReadMemory at 0x7ffbb6740000 of 64 bytes failed: Only part of a ReadProcessMemory or WriteProcessMemory request was completed. (0x12B)
[0820/024131.539:WARNING:pe_image_reader.cc(340)] could not read dos header from C:\WINDOWS\SYSTEM32\dbghelp.dll
[0820/024131.539:ERROR:process_memory_win.cc(73)] ReadMemory at 0x7ffbb6240000 of 64 bytes failed: Only part of a ReadProcessMemory or WriteProcessMemory request was completed. (0x12B)
[0820/024131.539:WARNING:pe_image_reader.cc(340)] could not read dos header from C:\WINDOWS\SYSTEM32\WINHTTP.dll
[0820/024131.539:ERROR:process_memory_win.cc(73)] ReadMemory at 0x7ffbb7210000 of 64 bytes failed: Only part of a ReadProcessMemory or WriteProcessMemory request was completed. (0x12B)
[0820/024131.539:WARNING:pe_image_reader.cc(340)] could not read dos header from C:\WINDOWS\SYSTEM32\dhcpcsvc.DLL
[0820/024131.539:ERROR:process_memory_win.cc(73)] ReadMemory at 0x7ffbb4e50000 of 64 bytes failed: Only part of a ReadProcessMemory or WriteProcessMemory request was completed. (0x12B)
[0820/024131.539:WARNING:pe_image_reader.cc(340)] could not read dos header from C:\WINDOWS\SYSTEM32\PROPSYS.dll
[0820/024131.539:ERROR:process_memory_win.cc(73)] ReadMemory at 0x7ffbbbe10000 of 64 bytes failed: Only part of a ReadProcessMemory or WriteProcessMemory request was completed. (0x12B)
[0820/024131.539:WARNING:pe_image_reader.cc(340)] could not read dos header from C:\WINDOWS\SYSTEM32\SSPICLI.DLL
[0820/024131.539:ERROR:process_memory_win.cc(73)] ReadMemory at 0x7ffbbbb20000 of 64 bytes failed: Only part of a ReadProcessMemory or WriteProcessMemory request was completed. (0x12B)
[0820/024131.539:WARNING:pe_image_reader.cc(340)] could not read dos header from C:\WINDOWS\System32\MSASN1.dll
[0820/024131.539:ERROR:process_memory_win.cc(73)] ReadMemory at 0x7ffbbc560000 of 64 bytes failed: Only part of a ReadProcessMemory or WriteProcessMemory request was completed. (0x12B)
[0820/024131.539:WARNING:pe_image_reader.cc(340)] could not read dos header from C:\WINDOWS\System32\bcryptPrimitives.dll
[0820/024131.539:ERROR:process_memory_win.cc(73)] ReadMemory at 0x7ffbbd6d0000 of 64 bytes failed: Only part of a ReadProcessMemory or WriteProcessMemory request was completed. (0x12B)
[0820/024131.539:WARNING:pe_image_reader.cc(340)] could not read dos header from C:\WINDOWS\System32\SHELL32.dll
[0820/024131.539:ERROR:process_memory_win.cc(73)] ReadMemory at 0x7ffbbe4e0000 of 64 bytes failed: Only part of a ReadProcessMemory or WriteProcessMemory request was completed. (0x12B)
[0820/024131.539:WARNING:pe_image_reader.cc(340)] could not read dos header from C:\WINDOWS\System32\USER32.dll
[0820/024131.539:ERROR:process_memory_win.cc(73)] ReadMemory at 0x7ffbbc5e0000 of 64 bytes failed: Only part of a ReadProcessMemory or WriteProcessMemory request was completed. (0x12B)
[0820/024131.539:WARNING:pe_image_reader.cc(340)] could not read dos header from C:\WINDOWS\System32\win32u.dll
[0820/024131.539:ERROR:process_memory_win.cc(73)] ReadMemory at 0x7ffbbde10000 of 64 bytes failed: Only part of a ReadProcessMemory or WriteProcessMemory request was completed. (0x12B)
[0820/024131.539:WARNING:pe_image_reader.cc(340)] could not read dos header from C:\WINDOWS\System32\GDI32.dll
[0820/024131.539:ERROR:process_memory_win.cc(73)] ReadMemory at 0x7ffbbc450000 of 64 bytes failed: Only part of a ReadProcessMemory or WriteProcessMemory request was completed. (0x12B)
[0820/024131.539:WARNING:pe_image_reader.cc(340)] could not read dos header from C:\WINDOWS\System32\gdi32full.dll
[0820/024131.539:ERROR:process_memory_win.cc(73)] ReadMemory at 0x1ccf0290000 of 64 bytes failed: Only part of a ReadProcessMemory or WriteProcessMemory request was completed. (0x12B)
[0820/024131.539:WARNING:pe_image_reader.cc(340)] could not read dos header from C:\WINDOWS\System32\IMM32.DLL
[0820/024131.539:ERROR:process_memory_win.cc(73)] ReadMemory at 0x7ffbba0c0000 of 64 bytes failed: Only part of a ReadProcessMemory or WriteProcessMemory request was completed. (0x12B)
[0820/024131.539:WARNING:pe_image_reader.cc(340)] could not read dos header from C:\WINDOWS\SYSTEM32\windows.storage.dll
[0820/024131.540:ERROR:process_memory_win.cc(73)] ReadMemory at 0x7ffbbb9a0000 of 64 bytes failed: Only part of a ReadProcessMemory or WriteProcessMemory request was completed. (0x12B)
[0820/024131.540:WARNING:pe_image_reader.cc(340)] could not read dos header from C:\WINDOWS\SYSTEM32\Wldp.dll
[0820/024131.540:ERROR:process_memory_win.cc(73)] ReadMemory at 0x7ffbbd040000 of 64 bytes failed: Only part of a ReadProcessMemory or WriteProcessMemory request was completed. (0x12B)
[0820/024131.540:WARNING:pe_image_reader.cc(340)] could not read dos header from C:\WINDOWS\System32\SHCORE.dll
[0820/024131.540:ERROR:process_memory_win.cc(73)] ReadMemory at 0x7ffbbe3a0000 of 64 bytes failed: Only part of a ReadProcessMemory or WriteProcessMemory request was completed. (0x12B)
[0820/024131.540:WARNING:pe_image_reader.cc(340)] could not read dos header from C:\WINDOWS\System32\shlwapi.dll
[0820/024131.540:ERROR:process_memory_win.cc(73)] ReadMemory at 0x7ffbbbe60000 of 64 bytes failed: Only part of a ReadProcessMemory or WriteProcessMemory request was completed. (0x12B)
[0820/024131.540:WARNING:pe_image_reader.cc(340)] could not read dos header from C:\WINDOWS\SYSTEM32\profapi.dll
[0820/024131.540:ERROR:process_memory_win.cc(73)] ReadMemory at 0x7ffbbb910000 of 64 bytes failed: Only part of a ReadProcessMemory or WriteProcessMemory request was completed. (0x12B)
[0820/024131.540:WARNING:pe_image_reader.cc(340)] could not read dos header from C:\WINDOWS\SYSTEM32\CRYPTBASE.DLL
[0820/024131.540:ERROR:process_memory_win.cc(73)] ReadMemory at 0x7ff76ae40000 of 64 bytes failed: Only part of a ReadProcessMemory or WriteProcessMemory request was completed. (0x12B)
[0820/024131.540:WARNING:pe_image_reader.cc(340)] could not read dos header from C:\Program Files (x86)\Google\Chrome\Application\chrome.exe
[0820/024131.540:ERROR:process_memory_win.cc(73)] ReadMemory at 0x7ffbbe7d0000 of 64 bytes failed: Only part of a ReadProcessMemory or WriteProcessMemory request was completed. (0x12B)
[0820/024131.540:WARNING:pe_image_reader.cc(340)] could not read dos header from C:\WINDOWS\SYSTEM32\ntdll.dll
[0820/024131.540:ERROR:process_memory_win.cc(73)] ReadMemory at 0x7ffbbc840000 of 64 bytes failed: Only part of a ReadProcessMemory or WriteProcessMemory request was completed. (0x12B)
[0820/024131.540:WARNING:pe_image_reader.cc(340)] could not read dos header from C:\WINDOWS\System32\KERNEL32.DLL
[0820/024131.540:ERROR:process_memory_win.cc(73)] ReadMemory at 0x7ffbbc180000 of 64 bytes failed: Only part of a ReadProcessMemory or WriteProcessMemory request was completed. (0x12B)
[0820/024131.540:WARNING:pe_image_reader.cc(340)] could not read dos header from C:\WINDOWS\System32\KERNELBASE.dll
[0820/024131.540:ERROR:process_memory_win.cc(73)] ReadMemory at 0x7ffbad660000 of 64 bytes failed: Only part of a ReadProcessMemory or WriteProcessMemory request was completed. (0x12B)
[0820/024131.540:WARNING:pe_image_reader.cc(340)] could not read dos header from C:\Program Files (x86)\Google\Chrome\Application\84.0.4147.125\chrome_elf.dll
[0820/024131.540:ERROR:process_memory_win.cc(73)] ReadMemory at 0x7ffbb6ee0000 of 64 bytes failed: Only part of a ReadProcessMemory or WriteProcessMemory request was completed. (0x12B)
[0820/024131.540:WARNING:pe_image_reader.cc(340)] could not read dos header from C:\WINDOWS\SYSTEM32\VERSION.dll
[0820/024131.540:ERROR:process_memory_win.cc(73)] ReadMemory at 0x7ffbbd100000 of 64 bytes failed: Only part of a ReadProcessMemory or WriteProcessMemory request was completed. (0x12B)
[0820/024131.540:WARNING:pe_image_reader.cc(340)] could not read dos header from C:\WINDOWS\System32\msvcrt.dll
[0820/024131.540:ERROR:process_memory_win.cc(73)] ReadMemory at 0x7ffbbd620000 of 64 bytes failed: Only part of a ReadProcessMemory or WriteProcessMemory request was completed. (0x12B)
[0820/024131.540:WARNING:pe_image_reader.cc(340)] could not read dos header from C:\WINDOWS\System32\ADVAPI32.dll
[0820/024131.540:ERROR:process_memory_win.cc(73)] ReadMemory at 0x7ffbbced0000 of 64 bytes failed: Only part of a ReadProcessMemory or WriteProcessMemory request was completed. (0x12B)
[0820/024131.540:WARNING:pe_image_reader.cc(340)] could not read dos header from C:\WINDOWS\System32\sechost.dll
[0820/024131.540:ERROR:process_memory_win.cc(73)] ReadMemory at 0x7ffbbdea0000 of 64 bytes failed: Only part of a ReadProcessMemory or WriteProcessMemory request was completed. (0x12B)
[0820/024131.540:WARNING:pe_image_reader.cc(340)] could not read dos header from C:\WINDOWS\System32\RPCRT4.dll
[0820/024131.540:ERROR:process_memory_win.cc(73)] ReadMemory at 0x7ffb47d60000 of 64 bytes failed: Only part of a ReadProcessMemory or WriteProcessMemory request was completed. (0x12B)
[0820/024131.540:WARNING:pe_image_reader.cc(340)] could not read dos header from C:\Program Files (x86)\Google\Chrome\Application\84.0.4147.125\chrome.dll
[0820/024131.540:ERROR:process_memory_win.cc(73)] ReadMemory at 0x7ffbbe330000 of 64 bytes failed: Only part of a ReadProcessMemory or WriteProcessMemory request was completed. (0x12B)
[0820/024131.540:WARNING:pe_image_reader.cc(340)] could not read dos header from C:\WINDOWS\System32\WS2_32.dll
[0820/024131.540:ERROR:process_memory_win.cc(73)] ReadMemory at 0x7ffbbcf70000 of 64 bytes failed: Only part of a ReadProcessMemory or WriteProcessMemory request was completed. (0x12B)
[0820/024131.540:WARNING:pe_image_reader.cc(340)] could not read dos header from C:\WINDOWS\System32\OLEAUT32.dll
[0820/024131.540:ERROR:process_memory_win.cc(73)] ReadMemory at 0x7ffbbc7a0000 of 64 bytes failed: Only part of a ReadProcessMemory or WriteProcessMemory request was completed. (0x12B)
[0820/024131.540:WARNING:pe_image_reader.cc(340)] could not read dos header from C:\WINDOWS\System32\msvcp_win.dll
[0820/024131.540:ERROR:process_memory_win.cc(73)] ReadMemory at 0x7ffbbc670000 of 64 bytes failed: Only part of a ReadProcessMemory or WriteProcessMemory request was completed. (0x12B)
[0820/024131.540:WARNING:pe_image_reader.cc(340)] could not read dos header from C:\WINDOWS\System32\ucrtbase.dll
[0820/024131.540:ERROR:process_memory_win.cc(73)] ReadMemory at 0x7ffbbdfd0000 of 64 bytes failed: Only part of a ReadProcessMemory or WriteProcessMemory request was completed. (0x12B)
[0820/024131.540:WARNING:pe_image_reader.cc(340)] could not read dos header from C:\WINDOWS\System32\combase.dll
[0820/024131.540:ERROR:process_memory_win.cc(73)] ReadMemory at 0x7ffbbc610000 of 64 bytes failed: Only part of a ReadProcessMemory or WriteProcessMemory request was completed. (0x12B)
[0820/024131.541:WARNING:pe_image_reader.cc(340)] could not read dos header from C:\WINDOWS\System32\WINTRUST.dll
[0820/024131.541:ERROR:process_memory_win.cc(73)] ReadMemory at 0x7ffbbbfd0000 of 64 bytes failed: Only part of a ReadProcessMemory or WriteProcessMemory request was completed. (0x12B)
[0820/024131.541:WARNING:pe_image_reader.cc(340)] could not read dos header from C:\WINDOWS\System32\CRYPT32.dll
[0820/024131.541:ERROR:process_memory_win.cc(73)] ReadMemory at 0x7ffbbb3c0000 of 64 bytes failed: Only part of a ReadProcessMemory or WriteProcessMemory request was completed. (0x12B)
[0820/024131.541:WARNING:pe_image_reader.cc(340)] could not read dos header from C:\WINDOWS\SYSTEM32\IPHLPAPI.DLL
[0820/024131.541:ERROR:process_memory_win.cc(73)] ReadMemory at 0x7ffbab4c0000 of 64 bytes failed: Only part of a ReadProcessMemory or WriteProcessMemory request was completed. (0x12B)
[0820/024131.541:WARNING:pe_image_reader.cc(340)] could not read dos header from C:\WINDOWS\SYSTEM32\WINMM.dll
[0820/024131.541:ERROR:process_memory_win.cc(73)] ReadMemory at 0x7ffbb0520000 of 64 bytes failed: Only part of a ReadProcessMemory or WriteProcessMemory request was completed. (0x12B)
[0820/024131.541:WARNING:pe_image_reader.cc(340)] could not read dos header from C:\WINDOWS\SYSTEM32\Secur32.dll
[0820/024131.541:ERROR:process_memory_win.cc(73)] ReadMemory at 0x7ffbbbde0000 of 64 bytes failed: Only part of a ReadProcessMemory or WriteProcessMemory request was completed. (0x12B)
[0820/024131.541:WARNING:pe_image_reader.cc(340)] could not read dos header from C:\WINDOWS\SYSTEM32\USERENV.dll
[0820/024131.541:ERROR:process_memory_win.cc(73)] ReadMemory at 0x7ffb899f0000 of 64 bytes failed: Only part of a ReadProcessMemory or WriteProcessMemory request was completed. (0x12B)
[0820/024131.541:WARNING:pe_image_reader.cc(340)] could not read dos header from C:\WINDOWS\SYSTEM32\UIAutomationCore.DLL
[0820/024131.541:ERROR:process_memory_win.cc(73)] ReadMemory at 0x7ffba6100000 of 64 bytes failed: Only part of a ReadProcessMemory or WriteProcessMemory request was completed. (0x12B)
[0820/024131.541:WARNING:pe_image_reader.cc(340)] could not read dos header from C:\WINDOWS\SYSTEM32\DWrite.dll
[0820/024131.541:ERROR:process_memory_win.cc(73)] ReadMemory at 0x7ffba93c0000 of 64 bytes failed: Only part of a ReadProcessMemory or WriteProcessMemory request was completed. (0x12B)
[0820/024131.541:WARNING:pe_image_reader.cc(340)] could not read dos header from C:\WINDOWS\SYSTEM32\WINSPOOL.DRV
[0820/024131.541:ERROR:process_memory_win.cc(73)] ReadMemory at 0x7ffbb6740000 of 64 bytes failed: Only part of a ReadProcessMemory or WriteProcessMemory request was completed. (0x12B)
[0820/024131.541:WARNING:pe_image_reader.cc(340)] could not read dos header from C:\WINDOWS\SYSTEM32\dbghelp.dll
[0820/024131.541:ERROR:process_memory_win.cc(73)] ReadMemory at 0x7ffbb6240000 of 64 bytes failed: Only part of a ReadProcessMemory or WriteProcessMemory request was completed. (0x12B)
[0820/024131.541:WARNING:pe_image_reader.cc(340)] could not read dos header from C:\WINDOWS\SYSTEM32\WINHTTP.dll
[0820/024131.541:ERROR:process_memory_win.cc(73)] ReadMemory at 0x7ffbb7210000 of 64 bytes failed: Only part of a ReadProcessMemory or WriteProcessMemory request was completed. (0x12B)
[0820/024131.541:WARNING:pe_image_reader.cc(340)] could not read dos header from C:\WINDOWS\SYSTEM32\dhcpcsvc.DLL
[0820/024131.541:ERROR:process_memory_win.cc(73)] ReadMemory at 0x7ffbb4e50000 of 64 bytes failed: Only part of a ReadProcessMemory or WriteProcessMemory request was completed. (0x12B)
[0820/024131.541:WARNING:pe_image_reader.cc(340)] could not read dos header from C:\WINDOWS\SYSTEM32\PROPSYS.dll
[0820/024131.541:ERROR:process_memory_win.cc(73)] ReadMemory at 0x7ffbbbe10000 of 64 bytes failed: Only part of a ReadProcessMemory or WriteProcessMemory request was completed. (0x12B)
[0820/024131.541:WARNING:pe_image_reader.cc(340)] could not read dos header from C:\WINDOWS\SYSTEM32\SSPICLI.DLL
[0820/024131.541:ERROR:process_memory_win.cc(73)] ReadMemory at 0x7ffbbbb20000 of 64 bytes failed: Only part of a ReadProcessMemory or WriteProcessMemory request was completed. (0x12B)
[0820/024131.541:WARNING:pe_image_reader.cc(340)] could not read dos header from C:\WINDOWS\System32\MSASN1.dll
[0820/024131.541:ERROR:process_memory_win.cc(73)] ReadMemory at 0x7ffbbc560000 of 64 bytes failed: Only part of a ReadProcessMemory or WriteProcessMemory request was completed. (0x12B)
[0820/024131.541:WARNING:pe_image_reader.cc(340)] could not read dos header from C:\WINDOWS\System32\bcryptPrimitives.dll
[0820/024131.541:ERROR:process_memory_win.cc(73)] ReadMemory at 0x7ffbbd6d0000 of 64 bytes failed: Only part of a ReadProcessMemory or WriteProcessMemory request was completed. (0x12B)
[0820/024131.541:WARNING:pe_image_reader.cc(340)] could not read dos header from C:\WINDOWS\System32\SHELL32.dll
[0820/024131.541:ERROR:process_memory_win.cc(73)] ReadMemory at 0x7ffbbe4e0000 of 64 bytes failed: Only part of a ReadProcessMemory or WriteProcessMemory request was completed. (0x12B)
[0820/024131.541:WARNING:pe_image_reader.cc(340)] could not read dos header from C:\WINDOWS\System32\USER32.dll
[0820/024131.541:ERROR:process_memory_win.cc(73)] ReadMemory at 0x7ffbbc5e0000 of 64 bytes failed: Only part of a ReadProcessMemory or WriteProcessMemory request was completed. (0x12B)
[0820/024131.541:WARNING:pe_image_reader.cc(340)] could not read dos header from C:\WINDOWS\System32\win32u.dll
[0820/024131.541:ERROR:process_memory_win.cc(73)] ReadMemory at 0x7ffbbde10000 of 64 bytes failed: Only part of a ReadProcessMemory or WriteProcessMemory request was completed. (0x12B)
[0820/024131.541:WARNING:pe_image_reader.cc(340)] could not read dos header from C:\WINDOWS\System32\GDI32.dll
[0820/024131.541:ERROR:process_memory_win.cc(73)] ReadMemory at 0x7ffbbc450000 of 64 bytes failed: Only part of a ReadProcessMemory or WriteProcessMemory request was completed. (0x12B)
[0820/024131.541:WARNING:pe_image_reader.cc(340)] could not read dos header from C:\WINDOWS\System32\gdi32full.dll
[0820/024131.541:ERROR:process_memory_win.cc(73)] ReadMemory at 0x1ccf0290000 of 64 bytes failed: Only part of a ReadProcessMemory or WriteProcessMemory request was completed. (0x12B)
[0820/024131.542:WARNING:pe_image_reader.cc(340)] could not read dos header from C:\WINDOWS\System32\IMM32.DLL
[0820/024131.542:ERROR:process_memory_win.cc(73)] ReadMemory at 0x7ffbba0c0000 of 64 bytes failed: Only part of a ReadProcessMemory or WriteProcessMemory request was completed. (0x12B)
[0820/024131.542:WARNING:pe_image_reader.cc(340)] could not read dos header from C:\WINDOWS\SYSTEM32\windows.storage.dll
[0820/024131.542:ERROR:process_memory_win.cc(73)] ReadMemory at 0x7ffbbb9a0000 of 64 bytes failed: Only part of a ReadProcessMemory or WriteProcessMemory request was completed. (0x12B)
[0820/024131.542:WARNING:pe_image_reader.cc(340)] could not read dos header from C:\WINDOWS\SYSTEM32\Wldp.dll
[0820/024131.542:ERROR:process_memory_win.cc(73)] ReadMemory at 0x7ffbbd040000 of 64 bytes failed: Only part of a ReadProcessMemory or WriteProcessMemory request was completed. (0x12B)
[0820/024131.542:WARNING:pe_image_reader.cc(340)] could not read dos header from C:\WINDOWS\System32\SHCORE.dll
[0820/024131.542:ERROR:process_memory_win.cc(73)] ReadMemory at 0x7ffbbe3a0000 of 64 bytes failed: Only part of a ReadProcessMemory or WriteProcessMemory request was completed. (0x12B)
[0820/024131.542:WARNING:pe_image_reader.cc(340)] could not read dos header from C:\WINDOWS\System32\shlwapi.dll
[0820/024131.542:ERROR:process_memory_win.cc(73)] ReadMemory at 0x7ffbbbe60000 of 64 bytes failed: Only part of a ReadProcessMemory or WriteProcessMemory request was completed. (0x12B)
[0820/024131.542:WARNING:pe_image_reader.cc(340)] could not read dos header from C:\WINDOWS\SYSTEM32\profapi.dll
[0820/024131.542:ERROR:process_memory_win.cc(73)] ReadMemory at 0x7ffbbb910000 of 64 bytes failed: Only part of a ReadProcessMemory or WriteProcessMemory request was completed. (0x12B)
[0820/024131.542:WARNING:pe_image_reader.cc(340)] could not read dos header from C:\WINDOWS\SYSTEM32\CRYPTBASE.DLL
[0820/024131.547:ERROR:process_memory_win.cc(73)] ReadMemory at 0x6bae3f3000 of 53248 bytes failed: Only part of a ReadProcessMemory or WriteProcessMemory request was completed. (0x12B)
[0820/024131.548:ERROR:process_memory_win.cc(73)] ReadMemory at 0x6baebfd000 of 12288 bytes failed: Only part of a ReadProcessMemory or WriteProcessMemory request was completed. (0x12B)
[0820/024131.548:ERROR:process_memory_win.cc(73)] ReadMemory at 0x6baf3f9000 of 28672 bytes failed: Only part of a ReadProcessMemory or WriteProcessMemory request was completed. (0x12B)
[0820/024131.548:ERROR:process_memory_win.cc(73)] ReadMemory at 0x6bafbfc000 of 16384 bytes failed: Only part of a ReadProcessMemory or WriteProcessMemory request was completed. (0x12B)
[0820/024131.548:ERROR:process_memory_win.cc(73)] ReadMemory at 0x6bb03fc000 of 16384 bytes failed: Only part of a ReadProcessMemory or WriteProcessMemory request was completed. (0x12B)
[0820/024131.548:ERROR:process_memory_win.cc(73)] ReadMemory at 0x6bb0bfe000 of 8192 bytes failed: Only part of a ReadProcessMemory or WriteProcessMemory request was completed. (0x12B)
[0820/024131.548:ERROR:process_memory_win.cc(73)] ReadMemory at 0x6bb13fd000 of 12288 bytes failed: Only part of a ReadProcessMemory or WriteProcessMemory request was completed. (0x12B)
[0820/024131.548:ERROR:process_memory_win.cc(73)] ReadMemory at 0x6bb1bfb000 of 20480 bytes failed: Only part of a ReadProcessMemory or WriteProcessMemory request was completed. (0x12B)
[0820/024131.548:ERROR:process_memory_win.cc(73)] ReadMemory at 0x6bb23fd000 of 12288 bytes failed: Only part of a ReadProcessMemory or WriteProcessMemory request was completed. (0x12B)
[0820/024131.548:ERROR:process_memory_win.cc(73)] ReadMemory at 0x6bb2bfd000 of 12288 bytes failed: Only part of a ReadProcessMemory or WriteProcessMemory request was completed. (0x12B)
[0820/024131.548:ERROR:process_memory_win.cc(73)] ReadMemory at 0x6bb33fd000 of 12288 bytes failed: Only part of a ReadProcessMemory or WriteProcessMemory request was completed. (0x12B)
[0820/024131.548:ERROR:process_memory_win.cc(73)] ReadMemory at 0x6bb3bfd000 of 12288 bytes failed: Only part of a ReadProcessMemory or WriteProcessMemory request was completed. (0x12B)
[0820/024131.548:ERROR:process_memory_win.cc(73)] ReadMemory at 0x6bb43fd000 of 12288 bytes failed: Only part of a ReadProcessMemory or WriteProcessMemory request was completed. (0x12B)
[0820/024131.549:ERROR:process_memory_win.cc(73)] ReadMemory at 0x6bb4bfd000 of 12288 bytes failed: Only part of a ReadProcessMemory or WriteProcessMemory request was completed. (0x12B)
[0820/024131.549:ERROR:process_memory_win.cc(73)] ReadMemory at 0x6bb53fd000 of 12288 bytes failed: Only part of a ReadProcessMemory or WriteProcessMemory request was completed. (0x12B)
[0820/024131.549:ERROR:process_memory_win.cc(73)] ReadMemory at 0x6bb5bf8000 of 32768 bytes failed: Only part of a ReadProcessMemory or WriteProcessMemory request was completed. (0x12B)
[0820/024131.549:ERROR:process_memory_win.cc(73)] ReadMemory at 0x6bb63fd000 of 12288 bytes failed: Only part of a ReadProcessMemory or WriteProcessMemory request was completed. (0x12B)
[0820/024131.549:ERROR:process_memory_win.cc(73)] ReadMemory at 0x6badad6000 of 852 bytes failed: Only part of a ReadProcessMemory or WriteProcessMemory request was completed. (0x12B)
[0820/024131.549:ERROR:process_memory_win.cc(73)] ReadMemory at 0x6badad7000 of 6024 bytes failed: Only part of a ReadProcessMemory or WriteProcessMemory request was completed. (0x12B)
[0820/024131.549:ERROR:process_memory_win.cc(73)] ReadMemory at 0x6badad9000 of 6024 bytes failed: Only part of a ReadProcessMemory or WriteProcessMemory request was completed. (0x12B)
[0820/024131.549:ERROR:process_memory_win.cc(73)] ReadMemory at 0x6badadb000 of 6024 bytes failed: Only part of a ReadProcessMemory or WriteProcessMemory request was completed. (0x12B)
[0820/024131.549:ERROR:process_memory_win.cc(73)] ReadMemory at 0x6badadd000 of 6024 bytes failed: Only part of a ReadProcessMemory or WriteProcessMemory request was completed. (0x12B)
[0820/024131.549:ERROR:process_memory_win.cc(73)] ReadMemory at 0x6badadf000 of 6024 bytes failed: Only part of a ReadProcessMemory or WriteProcessMemory request was completed. (0x12B)
[0820/024131.549:ERROR:process_memory_win.cc(73)] ReadMemory at 0x6badae1000 of 6024 bytes failed: Only part of a ReadProcessMemory or WriteProcessMemory request was completed. (0x12B)
[0820/024131.549:ERROR:process_memory_win.cc(73)] ReadMemory at 0x6badae3000 of 6024 bytes failed: Only part of a ReadProcessMemory or WriteProcessMemory request was completed. (0x12B)
[0820/024131.549:ERROR:process_memory_win.cc(73)] ReadMemory at 0x6badae5000 of 6024 bytes failed: Only part of a ReadProcessMemory or WriteProcessMemory request was completed. (0x12B)
[0820/024131.549:ERROR:process_memory_win.cc(73)] ReadMemory at 0x6badae7000 of 6024 bytes failed: Only part of a ReadProcessMemory or WriteProcessMemory request was completed. (0x12B)
[0820/024131.549:ERROR:process_memory_win.cc(73)] ReadMemory at 0x6badae9000 of 6024 bytes failed: Only part of a ReadProcessMemory or WriteProcessMemory request was completed. (0x12B)
[0820/024131.549:ERROR:process_memory_win.cc(73)] ReadMemory at 0x6badaeb000 of 6024 bytes failed: Only part of a ReadProcessMemory or WriteProcessMemory request was completed. (0x12B)
[0820/024131.549:ERROR:process_memory_win.cc(73)] ReadMemory at 0x6badaed000 of 6024 bytes failed: Only part of a ReadProcessMemory or WriteProcessMemory request was completed. (0x12B)
[0820/024131.549:ERROR:process_memory_win.cc(73)] ReadMemory at 0x6badaef000 of 6024 bytes failed: Only part of a ReadProcessMemory or WriteProcessMemory request was completed. (0x12B)
[0820/024131.549:ERROR:process_memory_win.cc(73)] ReadMemory at 0x6badaf1000 of 6024 bytes failed: Only part of a ReadProcessMemory or WriteProcessMemory request was completed. (0x12B)
[0820/024131.550:ERROR:process_memory_win.cc(73)] ReadMemory at 0x6badaf3000 of 6024 bytes failed: Only part of a ReadProcessMemory or WriteProcessMemory request was completed. (0x12B)
[0820/024131.550:ERROR:process_memory_win.cc(73)] ReadMemory at 0x6badaf5000 of 6024 bytes failed: Only part of a ReadProcessMemory or WriteProcessMemory request was completed. (0x12B)
[0820/024131.550:ERROR:process_memory_win.cc(73)] ReadMemory at 0x6badaf7000 of 6024 bytes failed: Only part of a ReadProcessMemory or WriteProcessMemory request was completed. (0x12B)
[0820/024131.550:ERROR:process_memory_win.cc(73)] ReadMemory at 0x1ccefeb0fe0 of 4590 bytes failed: Only part of a ReadProcessMemory or WriteProcessMemory request was completed. (0x12B)
[0820/024131.550:ERROR:process_memory_win.cc(73)] ReadMemory at 0x1ccefeb21e0 of 1012 bytes failed: Only part of a ReadProcessMemory or WriteProcessMemory request was completed. (0x12B)
[0820/024131.550:ERROR:process_memory_win.cc(73)] ReadMemory at 0x1ccefeb2828 of 118 bytes failed: Only part of a ReadProcessMemory or WriteProcessMemory request was completed. (0x12B)
[0820/024131.550:ERROR:process_memory_win.cc(73)] ReadMemory at 0x1ccefeb28a0 of 1176 bytes failed: Only part of a ReadProcessMemory or WriteProcessMemory request was completed. (0x12B)
[0820/024131.550:ERROR:process_memory_win.cc(73)] ReadMemory at 0x1ccefeb2d3a of 118 bytes failed: Only part of a ReadProcessMemory or WriteProcessMemory request was completed. (0x12B)
[0820/024131.550:ERROR:process_memory_win.cc(73)] ReadMemory at 0x1ccefeb2db2 of 98 bytes failed: Only part of a ReadProcessMemory or WriteProcessMemory request was completed. (0x12B)
[0820/024131.550:ERROR:process_memory_win.cc(73)] ReadMemory at 0x1ccefeb2e20 of 58 bytes failed: Only part of a ReadProcessMemory or WriteProcessMemory request was completed. (0x12B)
[0820/024131.550:ERROR:process_memory_win.cc(73)] ReadMemory at 0x1ccefeb2f20 of 132 bytes failed: Only part of a ReadProcessMemory or WriteProcessMemory request was completed. (0x12B)
[0820/024131.550:ERROR:process_memory_win.cc(73)] ReadMemory at 0x1ccefeb30b0 of 132 bytes failed: Only part of a ReadProcessMemory or WriteProcessMemory request was completed. (0x12B)
[0820/024131.550:ERROR:process_memory_win.cc(73)] ReadMemory at 0x1ccefeb3270 of 126 bytes failed: Only part of a ReadProcessMemory or WriteProcessMemory request was completed. (0x12B)
[0820/024131.550:ERROR:process_memory_win.cc(73)] ReadMemory at 0x1ccefeb3650 of 132 bytes failed: Only part of a ReadProcessMemory or WriteProcessMemory request was completed. (0x12B)
[0820/024131.550:ERROR:process_memory_win.cc(73)] ReadMemory at 0x1ccefeb37e0 of 64 bytes failed: Only part of a ReadProcessMemory or WriteProcessMemory request was completed. (0x12B)
[0820/024131.550:ERROR:process_memory_win.cc(73)] ReadMemory at 0x1ccefeb39a0 of 132 bytes failed: Only part of a ReadProcessMemory or WriteProcessMemory request was completed. (0x12B)
[0820/024131.550:ERROR:process_memory_win.cc(73)] ReadMemory at 0x1ccefeb3c60 of 132 bytes failed: Only part of a ReadProcessMemory or WriteProcessMemory request was completed. (0x12B)
[0820/024131.550:ERROR:process_memory_win.cc(73)] ReadMemory at 0x1ccefeb3df0 of 68 bytes failed: Only part of a ReadProcessMemory or WriteProcessMemory request was completed. (0x12B)
[0820/024131.550:ERROR:process_memory_win.cc(73)] ReadMemory at 0x1ccefeb4f90 of 132 bytes failed: Only part of a ReadProcessMemory or WriteProcessMemory request was completed. (0x12B)
[0820/024131.550:ERROR:process_memory_win.cc(73)] ReadMemory at 0x1ccefeb50c0 of 154 bytes failed: Only part of a ReadProcessMemory or WriteProcessMemory request was completed. (0x12B)
[0820/024131.550:ERROR:process_memory_win.cc(73)] ReadMemory at 0x1ccefeb5ee0 of 60 bytes failed: Only part of a ReadProcessMemory or WriteProcessMemory request was completed. (0x12B)
[0820/024131.551:ERROR:process_memory_win.cc(73)] ReadMemory at 0x1ccefeb5f30 of 62 bytes failed: Only part of a ReadProcessMemory or WriteProcessMemory request was completed. (0x12B)
[0820/024131.551:ERROR:process_memory_win.cc(73)] ReadMemory at 0x1ccefeb6120 of 132 bytes failed: Only part of a ReadProcessMemory or WriteProcessMemory request was completed. (0x12B)
[0820/024131.551:ERROR:process_memory_win.cc(73)] ReadMemory at 0x1ccefebef30 of 60 bytes failed: Only part of a ReadProcessMemory or WriteProcessMemory request was completed. (0x12B)
[0820/024131.551:ERROR:process_memory_win.cc(73)] ReadMemory at 0x1ccefec16c0 of 80 bytes failed: Only part of a ReadProcessMemory or WriteProcessMemory request was completed. (0x12B)
[0820/024131.551:ERROR:process_memory_win.cc(73)] ReadMemory at 0x1ccefec4d10 of 132 bytes failed: Only part of a ReadProcessMemory or WriteProcessMemory request was completed. (0x12B)
[0820/024131.551:ERROR:process_memory_win.cc(73)] ReadMemory at 0x1ccefec4f20 of 132 bytes failed: Only part of a ReadProcessMemory or WriteProcessMemory request was completed. (0x12B)
[0820/024131.551:ERROR:process_memory_win.cc(73)] ReadMemory at 0x1ccefec5250 of 132 bytes failed: Only part of a ReadProcessMemory or WriteProcessMemory request was completed. (0x12B)
[0820/024131.551:ERROR:process_memory_win.cc(73)] ReadMemory at 0x1ccefec54b0 of 132 bytes failed: Only part of a ReadProcessMemory or WriteProcessMemory request was completed. (0x12B)
[0820/024131.551:ERROR:process_memory_win.cc(73)] ReadMemory at 0x1ccefec55e0 of 132 bytes failed: Only part of a ReadProcessMemory or WriteProcessMemory request was completed. (0x12B)
[0820/024131.551:ERROR:process_memory_win.cc(73)] ReadMemory at 0x1ccefec5710 of 132 bytes failed: Only part of a ReadProcessMemory or WriteProcessMemory request was completed. (0x12B)
[0820/024131.551:ERROR:process_memory_win.cc(73)] ReadMemory at 0x1ccefec5840 of 132 bytes failed: Only part of a ReadProcessMemory or WriteProcessMemory request was completed. (0x12B)
[0820/024131.551:ERROR:process_memory_win.cc(73)] ReadMemory at 0x1ccefec5970 of 132 bytes failed: Only part of a ReadProcessMemory or WriteProcessMemory request was completed. (0x12B)
[0820/024131.551:ERROR:process_memory_win.cc(73)] ReadMemory at 0x1ccefec5aa0 of 132 bytes failed: Only part of a ReadProcessMemory or WriteProcessMemory request was completed. (0x12B)
[0820/024131.551:ERROR:process_memory_win.cc(73)] ReadMemory at 0x1ccefec5bd0 of 132 bytes failed: Only part of a ReadProcessMemory or WriteProcessMemory request was completed. (0x12B)
[0820/024131.551:ERROR:process_memory_win.cc(73)] ReadMemory at 0x1ccefec5d00 of 132 bytes failed: Only part of a ReadProcessMemory or WriteProcessMemory request was completed. (0x12B)
[0820/024131.551:ERROR:process_memory_win.cc(73)] ReadMemory at 0x1ccefec5e30 of 132 bytes failed: Only part of a ReadProcessMemory or WriteProcessMemory request was completed. (0x12B)
[0820/024131.551:ERROR:process_memory_win.cc(73)] ReadMemory at 0x1ccefec5f60 of 132 bytes failed: Only part of a ReadProcessMemory or WriteProcessMemory request was completed. (0x12B)
[0820/024131.551:ERROR:process_memory_win.cc(73)] ReadMemory at 0x1ccefec6090 of 132 bytes failed: Only part of a ReadProcessMemory or WriteProcessMemory request was completed. (0x12B)
[0820/024131.551:ERROR:process_memory_win.cc(73)] ReadMemory at 0x1ccefec7e30 of 132 bytes failed: Only part of a ReadProcessMemory or WriteProcessMemory request was completed. (0x12B)
[0820/024131.551:ERROR:process_memory_win.cc(73)] ReadMemory at 0x1ccefec7f60 of 146 bytes failed: Only part of a ReadProcessMemory or WriteProcessMemory request was completed. (0x12B)
[0820/024131.551:ERROR:process_memory_win.cc(73)] ReadMemory at 0x1ccefec8990 of 132 bytes failed: Only part of a ReadProcessMemory or WriteProcessMemory request was completed. (0x12B)
[0820/024131.552:ERROR:process_memory_win.cc(73)] ReadMemory at 0x1ccefec8bc0 of 132 bytes failed: Only part of a ReadProcessMemory or WriteProcessMemory request was completed. (0x12B)
[0820/024131.552:ERROR:process_memory_win.cc(73)] ReadMemory at 0x1ccefeca5c0 of 132 bytes failed: Only part of a ReadProcessMemory or WriteProcessMemory request was completed. (0x12B)
[0820/024131.552:ERROR:process_memory_win.cc(73)] ReadMemory at 0x1ccefeca7e0 of 132 bytes failed: Only part of a ReadProcessMemory or WriteProcessMemory request was completed. (0x12B)
[0820/024131.552:ERROR:process_memory_win.cc(73)] ReadMemory at 0x1ccefecbca0 of 60 bytes failed: Only part of a ReadProcessMemory or WriteProcessMemory request was completed. (0x12B)
[0820/024131.552:ERROR:process_memory_win.cc(73)] ReadMemory at 0x1ccefecbd40 of 60 bytes failed: Only part of a ReadProcessMemory or WriteProcessMemory request was completed. (0x12B)
[0820/024131.552:ERROR:process_memory_win.cc(73)] ReadMemory at 0x1ccefecbde0 of 64 bytes failed: Only part of a ReadProcessMemory or WriteProcessMemory request was completed. (0x12B)
[0820/024131.552:ERROR:process_memory_win.cc(73)] ReadMemory at 0x1ccefecbe80 of 64 bytes failed: Only part of a ReadProcessMemory or WriteProcessMemory request was completed. (0x12B)
[0820/024131.552:ERROR:process_memory_win.cc(73)] ReadMemory at 0x1ccefecbf20 of 66 bytes failed: Only part of a ReadProcessMemory or WriteProcessMemory request was completed. (0x12B)
[0820/024131.552:ERROR:process_memory_win.cc(73)] ReadMemory at 0x1ccefecbfc0 of 62 bytes failed: Only part of a ReadProcessMemory or WriteProcessMemory request was completed. (0x12B)
[0820/024131.552:ERROR:process_memory_win.cc(73)] ReadMemory at 0x1ccefecc010 of 62 bytes failed: Only part of a ReadProcessMemory or WriteProcessMemory request was completed. (0x12B)
[0820/024131.552:ERROR:process_memory_win.cc(73)] ReadMemory at 0x1ccefecc060 of 64 bytes failed: Only part of a ReadProcessMemory or WriteProcessMemory request was completed. (0x12B)
[0820/024131.552:ERROR:process_memory_win.cc(73)] ReadMemory at 0x1ccefecc100 of 62 bytes failed: Only part of a ReadProcessMemory or WriteProcessMemory request was completed. (0x12B)
[0820/024131.552:ERROR:process_memory_win.cc(73)] ReadMemory at 0x1ccefecc330 of 64 bytes failed: Only part of a ReadProcessMemory or WriteProcessMemory request was completed. (0x12B)
[0820/024131.552:ERROR:process_memory_win.cc(73)] ReadMemory at 0x1ccefecc3d0 of 62 bytes failed: Only part of a ReadProcessMemory or WriteProcessMemory request was completed. (0x12B)
[0820/024131.552:ERROR:process_memory_win.cc(73)] ReadMemory at 0x1ccefecc420 of 62 bytes failed: Only part of a ReadProcessMemory or WriteProcessMemory request was completed. (0x12B)
[0820/024131.552:ERROR:process_memory_win.cc(73)] ReadMemory at 0x1ccefecc470 of 62 bytes failed: Only part of a ReadProcessMemory or WriteProcessMemory request was completed. (0x12B)
[0820/024131.552:ERROR:process_memory_win.cc(73)] ReadMemory at 0x1ccefecc4c0 of 62 bytes failed: Only part of a ReadProcessMemory or WriteProcessMemory request was completed. (0x12B)
[0820/024131.552:ERROR:process_memory_win.cc(73)] ReadMemory at 0x1ccefecc5b0 of 64 bytes failed: Only part of a ReadProcessMemory or WriteProcessMemory request was completed. (0x12B)
[0820/024131.552:ERROR:process_memory_win.cc(73)] ReadMemory at 0x1ccefecc650 of 64 bytes failed: Only part of a ReadProcessMemory or WriteProcessMemory request was completed. (0x12B)
[0820/024131.552:ERROR:process_memory_win.cc(73)] ReadMemory at 0x1ccefecc6a0 of 62 bytes failed: Only part of a ReadProcessMemory or WriteProcessMemory request was completed. (0x12B)
[0820/024131.552:ERROR:process_memory_win.cc(73)] ReadMemory at 0x1ccefecc830 of 58 bytes failed: Only part of a ReadProcessMemory or WriteProcessMemory request was completed. (0x12B)
[0820/024131.552:ERROR:process_memory_win.cc(73)] ReadMemory at 0x1ccefecc880 of 62 bytes failed: Only part of a ReadProcessMemory or WriteProcessMemory request was completed. (0x12B)
[0820/024131.553:ERROR:process_memory_win.cc(73)] ReadMemory at 0x1ccefeccab0 of 64 bytes failed: Only part of a ReadProcessMemory or WriteProcessMemory request was completed. (0x12B)
[0820/024131.553:ERROR:process_memory_win.cc(73)] ReadMemory at 0x1ccefeccb00 of 60 bytes failed: Only part of a ReadProcessMemory or WriteProcessMemory request was completed. (0x12B)
[0820/024131.553:ERROR:process_memory_win.cc(73)] ReadMemory at 0x1ccefecdc20 of 132 bytes failed: Only part of a ReadProcessMemory or WriteProcessMemory request was completed. (0x12B)
[0820/024131.553:ERROR:process_memory_win.cc(73)] ReadMemory at 0x1ccefed0e10 of 132 bytes failed: Only part of a ReadProcessMemory or WriteProcessMemory request was completed. (0x12B)
[0820/024131.553:ERROR:process_memory_win.cc(73)] ReadMemory at 0x1ccefed1e90 of 132 bytes failed: Only part of a ReadProcessMemory or WriteProcessMemory request was completed. (0x12B)
[0820/024131.553:ERROR:process_memory_win.cc(73)] ReadMemory at 0x1ccefed1fc0 of 132 bytes failed: Only part of a ReadProcessMemory or WriteProcessMemory request was completed. (0x12B)
[0820/024131.553:ERROR:process_memory_win.cc(73)] ReadMemory at 0x1ccefed20f0 of 132 bytes failed: Only part of a ReadProcessMemory or WriteProcessMemory request was completed. (0x12B)
[0820/024131.553:ERROR:process_memory_win.cc(73)] ReadMemory at 0x1ccefed2220 of 132 bytes failed: Only part of a ReadProcessMemory or WriteProcessMemory request was completed. (0x12B)
[0820/024131.553:ERROR:process_memory_win.cc(73)] ReadMemory at 0x1ccefed2350 of 132 bytes failed: Only part of a ReadProcessMemory or WriteProcessMemory request was completed. (0x12B)
[0820/024131.553:ERROR:process_memory_win.cc(73)] ReadMemory at 0x1ccefed2480 of 132 bytes failed: Only part of a ReadProcessMemory or WriteProcessMemory request was completed. (0x12B)
[0820/024131.553:ERROR:process_memory_win.cc(73)] ReadMemory at 0x1ccefed25b0 of 132 bytes failed: Only part of a ReadProcessMemory or WriteProcessMemory request was completed. (0x12B)
[0820/024131.553:ERROR:process_memory_win.cc(73)] ReadMemory at 0x1ccefed26e0 of 132 bytes failed: Only part of a ReadProcessMemory or WriteProcessMemory request was completed. (0x12B)
[0820/024131.553:ERROR:process_memory_win.cc(73)] ReadMemory at 0x1ccefed2810 of 132 bytes failed: Only part of a ReadProcessMemory or WriteProcessMemory request was completed. (0x12B)
[0820/024131.553:ERROR:process_memory_win.cc(73)] ReadMemory at 0x1ccefed2940 of 132 bytes failed: Only part of a ReadProcessMemory or WriteProcessMemory request was completed. (0x12B)
[0820/024131.553:ERROR:process_memory_win.cc(73)] ReadMemory at 0x1ccefed2a70 of 132 bytes failed: Only part of a ReadProcessMemory or WriteProcessMemory request was completed. (0x12B)
[0820/024131.553:ERROR:process_memory_win.cc(73)] ReadMemory at 0x1ccefed2ba0 of 132 bytes failed: Only part of a ReadProcessMemory or WriteProcessMemory request was completed. (0x12B)
[0820/024131.553:ERROR:process_memory_win.cc(73)] ReadMemory at 0x1ccefed32c0 of 132 bytes failed: Only part of a ReadProcessMemory or WriteProcessMemory request was completed. (0x12B)
[0820/024131.553:ERROR:process_memory_win.cc(73)] ReadMemory at 0x1ccefed33f0 of 132 bytes failed: Only part of a ReadProcessMemory or WriteProcessMemory request was completed. (0x12B)
[0820/024131.553:ERROR:process_memory_win.cc(73)] ReadMemory at 0x1ccefed3780 of 132 bytes failed: Only part of a ReadProcessMemory or WriteProcessMemory request was completed. (0x12B)
[0820/024131.553:ERROR:process_memory_win.cc(73)] ReadMemory at 0x1ccefed5970 of 512 bytes failed: Only part of a ReadProcessMemory or WriteProcessMemory request was completed. (0x12B)
[0820/024131.553:ERROR:process_memory_win.cc(73)] ReadMemory at 0x1ccefee4550 of 78 bytes failed: Only part of a ReadProcessMemory or WriteProcessMemory request was completed. (0x12B)
[0820/024131.554:ERROR:process_memory_win.cc(73)] ReadMemory at 0x1ccefee46d0 of 80 bytes failed: Only part of a ReadProcessMemory or WriteProcessMemory request was completed. (0x12B)
[0820/024131.554:ERROR:process_memory_win.cc(73)] ReadMemory at 0x1ccefefedb0 of 62 bytes failed: Only part of a ReadProcessMemory or WriteProcessMemory request was completed. (0x12B)
[0820/024131.554:ERROR:process_memory_win.cc(73)] ReadMemory at 0x1ccefefee50 of 60 bytes failed: Only part of a ReadProcessMemory or WriteProcessMemory request was completed. (0x12B)
[0820/024131.554:ERROR:process_memory_win.cc(73)] ReadMemory at 0x1ccefeff030 of 66 bytes failed: Only part of a ReadProcessMemory or WriteProcessMemory request was completed. (0x12B)
[0820/024131.554:ERROR:process_memory_win.cc(73)] ReadMemory at 0x1ccefeff210 of 62 bytes failed: Only part of a ReadProcessMemory or WriteProcessMemory request was completed. (0x12B)
[0820/024131.554:ERROR:process_memory_win.cc(73)] ReadMemory at 0x1ccefeff3a0 of 58 bytes failed: Only part of a ReadProcessMemory or WriteProcessMemory request was completed. (0x12B)
[0820/024131.554:ERROR:process_memory_win.cc(73)] ReadMemory at 0x1ccefeff3f0 of 56 bytes failed: Only part of a ReadProcessMemory or WriteProcessMemory request was completed. (0x12B)
[0820/024131.554:ERROR:process_memory_win.cc(73)] ReadMemory at 0x1ccefeff440 of 62 bytes failed: Only part of a ReadProcessMemory or WriteProcessMemory request was completed. (0x12B)
[0820/024131.554:ERROR:process_memory_win.cc(73)] ReadMemory at 0x1ccefeff4e0 of 60 bytes failed: Only part of a ReadProcessMemory or WriteProcessMemory request was completed. (0x12B)
[0820/024131.554:ERROR:process_memory_win.cc(73)] ReadMemory at 0x1ccefeff5d0 of 60 bytes failed: Only part of a ReadProcessMemory or WriteProcessMemory request was completed. (0x12B)
[0820/024131.554:ERROR:process_memory_win.cc(73)] ReadMemory at 0x1ccefeff670 of 58 bytes failed: Only part of a ReadProcessMemory or WriteProcessMemory request was completed. (0x12B)
[0820/024131.554:ERROR:process_memory_win.cc(73)] ReadMemory at 0x1cceff2cfc0 of 512 bytes failed: Only part of a ReadProcessMemory or WriteProcessMemory request was completed. (0x12B)
[0820/024131.554:ERROR:process_memory_win.cc(73)] ReadMemory at 0x1cceff47e70 of 512 bytes failed: Only part of a ReadProcessMemory or WriteProcessMemory request was completed. (0x12B)
[0820/024131.554:ERROR:process_memory_win.cc(73)] ReadMemory at 0x1cceff491d0 of 512 bytes failed: Only part of a ReadProcessMemory or WriteProcessMemory request was completed. (0x12B)
[0820/024131.554:ERROR:process_memory_win.cc(73)] ReadMemory at 0x1cceff51540 of 712 bytes failed: Only part of a ReadProcessMemory or WriteProcessMemory request was completed. (0x12B)
[0820/024131.554:ERROR:process_memory_win.cc(73)] ReadMemory at 0x1cceff52e30 of 512 bytes failed: Only part of a ReadProcessMemory or WriteProcessMemory request was completed. (0x12B)
[0820/024131.554:ERROR:process_memory_win.cc(73)] ReadMemory at 0x1cceff9ca50 of 512 bytes failed: Only part of a ReadProcessMemory or WriteProcessMemory request was completed. (0x12B)
[0820/024131.554:ERROR:process_memory_win.cc(73)] ReadMemory at 0x1cceffa35e0 of 512 bytes failed: Only part of a ReadProcessMemory or WriteProcessMemory request was completed. (0x12B)
[0820/024131.554:ERROR:process_memory_win.cc(73)] ReadMemory at 0x1ccf0080c40 of 512 bytes failed: Only part of a ReadProcessMemory or WriteProcessMemory request was completed. (0x12B)
[0820/024131.554:ERROR:process_memory_win.cc(73)] ReadMemory at 0x1ccf00843c0 of 512 bytes failed: Only part of a ReadProcessMemory or WriteProcessMemory request was completed. (0x12B)
[0820/024131.554:ERROR:process_memory_win.cc(73)] ReadMemory at 0x1ccf1ab0000 of 384 bytes failed: Only part of a ReadProcessMemory or WriteProcessMemory request was completed. (0x12B)
[0820/024131.555:ERROR:process_memory_win.cc(73)] ReadMemory at 0x1ccf1ac30a0 of 512 bytes failed: Only part of a ReadProcessMemory or WriteProcessMemory request was completed. (0x12B)
[0820/024131.555:ERROR:process_memory_win.cc(73)] ReadMemory at 0x1ccf1ad7ce0 of 512 bytes failed: Only part of a ReadProcessMemory or WriteProcessMemory request was completed. (0x12B)
[0820/024131.555:ERROR:process_memory_win.cc(73)] ReadMemory at 0x1ccf1b68580 of 512 bytes failed: Only part of a ReadProcessMemory or WriteProcessMemory request was completed. (0x12B)
[0820/024131.555:ERROR:process_memory_win.cc(73)] ReadMemory at 0x1ccf1b6dab0 of 512 bytes failed: Only part of a ReadProcessMemory or WriteProcessMemory request was completed. (0x12B)
[0820/024131.555:ERROR:process_memory_win.cc(73)] ReadMemory at 0x1ccf1c636e0 of 512 bytes failed: Only part of a ReadProcessMemory or WriteProcessMemory request was completed. (0x12B)
[0820/024131.555:ERROR:process_memory_win.cc(73)] ReadMemory at 0x1ccf26ece60 of 512 bytes failed: Only part of a ReadProcessMemory or WriteProcessMemory request was completed. (0x12B)
[0820/024131.555:ERROR:process_memory_win.cc(73)] ReadMemory at 0x2a2099e8cd28 of 512 bytes failed: Only part of a ReadProcessMemory or WriteProcessMemory request was completed. (0x12B)
[0820/024131.555:ERROR:process_memory_win.cc(73)] ReadMemory at 0x7ffb4a56979c of 512 bytes failed: Only part of a ReadProcessMemory or WriteProcessMemory request was completed. (0x12B)
[0820/024131.555:ERROR:process_memory_win.cc(73)] ReadMemory at 0x7ffb4b50e6f1 of 512 bytes failed: Only part of a ReadProcessMemory or WriteProcessMemory request was completed. (0x12B)
[0820/024131.555:ERROR:process_memory_win.cc(73)] ReadMemory at 0x7ffb4f849f78 of 512 bytes failed: Only part of a ReadProcessMemory or WriteProcessMemory request was completed. (0x12B)
[0820/024131.555:ERROR:process_memory_win.cc(73)] ReadMemory at 0x7ffbbc40c738 of 512 bytes failed: Only part of a ReadProcessMemory or WriteProcessMemory request was completed. (0x12B)
[0820/024131.555:ERROR:process_memory_win.cc(73)] ReadMemory at 0x7ffbbe86bdc4 of 672 bytes failed: Only part of a ReadProcessMemory or WriteProcessMemory request was completed. (0x12B)
[0820/024131.555:ERROR:process_memory_win.cc(73)] ReadMemory at 0x7ffbbe86c3c4 of 512 bytes failed: Only part of a ReadProcessMemory or WriteProcessMemory request was completed. (0x12B)
[0820/024131.555:ERROR:process_memory_win.cc(73)] ReadMemory at 0x7ffbbe86f734 of 608 bytes failed: Only part of a ReadProcessMemory or WriteProcessMemory request was completed. (0x12B)
[0820/024131.555:ERROR:process_memory_win.cc(73)] ReadMemory at 0x7ffbbe9006e0 of 18 bytes failed: Only part of a ReadProcessMemory or WriteProcessMemory request was completed. (0x12B)
[0820/024131.555:ERROR:process_memory_win.cc(73)] ReadMemory at 0x7ffbbe9344f8 of 40 bytes failed: Only part of a ReadProcessMemory or WriteProcessMemory request was completed. (0x12B)
[0820/024131.555:ERROR:process_memory_win.cc(73)] ReadMemory at 0x7ffbbe934978 of 48 bytes failed: Only part of a ReadProcessMemory or WriteProcessMemory request was completed. (0x12B)
[0820/024131.555:ERROR:process_memory_win.cc(73)] ReadMemory at 0x7ffbbe93a4c0 of 64 bytes failed: Only part of a ReadProcessMemory or WriteProcessMemory request was completed. (0x12B)
[0820/024131.556:ERROR:scoped_process_suspend.cc(40)] NtResumeProcess: An attempt was made to access an exiting process. (0xc000010a)
